04:35:42.730 [main] INFO  i.g.bonigarcia.wdm.WebDriverManager - Using chromedriver 117.0.5938.92 (resolved driver for Chrome 117)
04:35:42.771 [main] INFO  i.g.bonigarcia.wdm.WebDriverManager - Exporting webdriver.chrome.driver as C:\Users\Eshant\.cache\selenium\chromedriver\win64\117.0.5938.92\chromedriver.exe
04:35:46.460 [main] INFO  test.java.tests.GoogleSearchTest - Opened the url: https://www.google.com/en
04:35:47.243 [main] INFO  test.java.tests.GoogleSearchTest - Searching a phrase: Best mobile phones 2021
04:35:50.032 [main] INFO  test.java.tests.GoogleSearchTest - Verified that the search results appeared for the searched phrase
04:35:57.126 [main] INFO  test.java.tests.GoogleSearchTest - Clicked on the first Ad-Free link
04:35:57.148 [main] INFO  test.java.tests.GoogleSearchTest - Verified that the correct URL opened for the searched phrase 
04:35:57.175 [main] INFO  test.java.tests.GoogleSearchTest - The searched phrase Best mobile phones 2021 was found in the webpage opened
16:23:41.118 [main] INFO  i.g.bonigarcia.wdm.WebDriverManager - Using chromedriver 117.0.5938.92 (resolved driver for Chrome 117)
16:23:41.165 [main] INFO  i.g.bonigarcia.wdm.WebDriverManager - Exporting webdriver.chrome.driver as C:\Users\Eshant\.cache\selenium\chromedriver\win64\117.0.5938.92\chromedriver.exe
16:26:48.870 [main] INFO  i.g.bonigarcia.wdm.WebDriverManager - Using chromedriver 117.0.5938.92 (resolved driver for Chrome 117)
16:26:48.911 [main] INFO  i.g.bonigarcia.wdm.WebDriverManager - Exporting webdriver.chrome.driver as C:\Users\Eshant\.cache\selenium\chromedriver\win64\117.0.5938.92\chromedriver.exe
16:26:56.724 [main] INFO  test.java.tests.GoogleSearchTest - Opened the url: https://www.google.com/en
16:26:57.297 [main] INFO  test.java.tests.GoogleSearchTest - Searching a phrase: Best mobile phones 2021
16:27:01.327 [main] INFO  test.java.tests.GoogleSearchTest - Verified that the search results appeared for the searched phrase
16:27:03.127 [main] INFO  test.java.tests.GoogleSearchTest - Clicked on the first Ad-Free link
16:27:03.151 [main] INFO  test.java.tests.GoogleSearchTest - Verified that the correct URL opened for the searched phrase 
16:27:03.178 [main] INFO  test.java.tests.GoogleSearchTest - The searched phrase Best mobile phones 2021 was found in the webpage opened
18:35:21.167 [main] INFO  i.g.bonigarcia.wdm.WebDriverManager - Using chromedriver 117.0.5938.92 (resolved driver for Chrome 117)
18:35:21.189 [main] INFO  i.g.bonigarcia.wdm.WebDriverManager - Exporting webdriver.chrome.driver as C:\Users\Eshant\.cache\selenium\chromedriver\win64\117.0.5938.92\chromedriver.exe
18:35:24.239 [main] INFO  test.java.tests.GoogleSearchTest - Opened the url: https://www.google.com/en
18:35:24.785 [main] INFO  test.java.tests.GoogleSearchTest - Searching a phrase: Best mobile phones 2021
18:35:26.480 [main] INFO  test.java.tests.GoogleSearchTest - Verified that the search results appeared for the searched phrase
18:35:29.523 [main] INFO  test.java.tests.GoogleSearchTest - Clicked on the first Ad-Free link
18:35:29.554 [main] INFO  test.java.tests.GoogleSearchTest - Verified that the correct URL opened for the searched phrase 
18:35:29.572 [main] INFO  test.java.tests.GoogleSearchTest - The searched phrase Best mobile phones 2021 was found in the webpage opened
18:35:29.641 [AsyncHttpClient-1-4] WARN  o.a.netty.handler.WebSocketHandler - onError
java.net.SocketException: Connection reset
	at java.base/sun.nio.ch.SocketChannelImpl.throwConnectionReset(SocketChannelImpl.java:394)
	at java.base/sun.nio.ch.SocketChannelImpl.read(SocketChannelImpl.java:426)
	at io.netty.buffer.PooledByteBuf.setBytes(PooledByteBuf.java:254)
	at io.netty.buffer.AbstractByteBuf.writeBytes(AbstractByteBuf.java:1132)
	at io.netty.channel.socket.nio.NioSocketChannel.doReadBytes(NioSocketChannel.java:357)
	at io.netty.channel.nio.AbstractNioByteChannel$NioByteUnsafe.read(AbstractNioByteChannel.java:151)
	at io.netty.channel.nio.NioEventLoop.processSelectedKey(NioEventLoop.java:788)
	at io.netty.channel.nio.NioEventLoop.processSelectedKeysOptimized(NioEventLoop.java:724)
	at io.netty.channel.nio.NioEventLoop.processSelectedKeys(NioEventLoop.java:650)
	at io.netty.channel.nio.NioEventLoop.run(NioEventLoop.java:562)
	at io.netty.util.concurrent.SingleThreadEventExecutor$4.run(SingleThreadEventExecutor.java:997)
	at io.netty.util.internal.ThreadExecutorMap$2.run(ThreadExecutorMap.java:74)
	at io.netty.util.concurrent.FastThreadLocalRunnable.run(FastThreadLocalRunnable.java:30)
	at java.base/java.lang.Thread.run(Thread.java:833)
18:36:31.860 [main] INFO  i.g.bonigarcia.wdm.WebDriverManager - Using chromedriver 117.0.5938.92 (resolved driver for Chrome 117)
18:36:31.899 [main] INFO  i.g.bonigarcia.wdm.WebDriverManager - Exporting webdriver.chrome.driver as C:\Users\Eshant\.cache\selenium\chromedriver\win64\117.0.5938.92\chromedriver.exe
18:36:34.424 [main] INFO  test.java.tests.GoogleSearchTest - Opened the url: https://www.google.com/en
18:36:34.942 [main] INFO  test.java.tests.GoogleSearchTest - Searching a phrase: Best mobile phones 2021
18:36:36.594 [main] INFO  test.java.tests.GoogleSearchTest - Verified that the search results appeared for the searched phrase
18:36:37.834 [main] INFO  test.java.tests.GoogleSearchTest - Clicked on the first Ad-Free link
18:36:37.845 [main] INFO  test.java.tests.GoogleSearchTest - Verified that the correct URL opened for the searched phrase 
18:36:37.857 [main] INFO  test.java.tests.GoogleSearchTest - The searched phrase Best mobile phones 2021 was found in the webpage opened
18:37:52.720 [main] INFO  i.g.bonigarcia.wdm.WebDriverManager - Using chromedriver 117.0.5938.92 (resolved driver for Chrome 117)
18:37:52.745 [main] INFO  i.g.bonigarcia.wdm.WebDriverManager - Exporting webdriver.chrome.driver as C:\Users\Eshant\.cache\selenium\chromedriver\win64\117.0.5938.92\chromedriver.exe
18:37:55.239 [main] INFO  test.java.tests.GoogleSearchTest - Opened the url: https://www.google.com/en
18:37:55.730 [main] INFO  test.java.tests.GoogleSearchTest - Searching a phrase: Best mobile phones 2021
18:37:57.375 [main] INFO  test.java.tests.GoogleSearchTest - Verified that the search results appeared for the searched phrase
18:37:58.486 [main] INFO  test.java.tests.GoogleSearchTest - Clicked on the first Ad-Free link
18:37:58.506 [main] INFO  test.java.tests.GoogleSearchTest - Verified that the correct URL opened for the searched phrase 
18:37:58.522 [main] INFO  test.java.tests.GoogleSearchTest - The searched phrase Best mobile phones 2021 was found in the webpage opened
18:37:58.552 [AsyncHttpClient-1-4] WARN  o.a.netty.handler.WebSocketHandler - onError
java.net.SocketException: Connection reset
	at java.base/sun.nio.ch.SocketChannelImpl.throwConnectionReset(SocketChannelImpl.java:394)
	at java.base/sun.nio.ch.SocketChannelImpl.read(SocketChannelImpl.java:426)
	at io.netty.buffer.PooledByteBuf.setBytes(PooledByteBuf.java:254)
	at io.netty.buffer.AbstractByteBuf.writeBytes(AbstractByteBuf.java:1132)
	at io.netty.channel.socket.nio.NioSocketChannel.doReadBytes(NioSocketChannel.java:357)
	at io.netty.channel.nio.AbstractNioByteChannel$NioByteUnsafe.read(AbstractNioByteChannel.java:151)
	at io.netty.channel.nio.NioEventLoop.processSelectedKey(NioEventLoop.java:788)
	at io.netty.channel.nio.NioEventLoop.processSelectedKeysOptimized(NioEventLoop.java:724)
	at io.netty.channel.nio.NioEventLoop.processSelectedKeys(NioEventLoop.java:650)
	at io.netty.channel.nio.NioEventLoop.run(NioEventLoop.java:562)
	at io.netty.util.concurrent.SingleThreadEventExecutor$4.run(SingleThreadEventExecutor.java:997)
	at io.netty.util.internal.ThreadExecutorMap$2.run(ThreadExecutorMap.java:74)
	at io.netty.util.concurrent.FastThreadLocalRunnable.run(FastThreadLocalRunnable.java:30)
	at java.base/java.lang.Thread.run(Thread.java:833)
18:44:14.615 [main] INFO  i.g.bonigarcia.wdm.WebDriverManager - Using chromedriver 117.0.5938.92 (resolved driver for Chrome 117)
18:44:14.635 [main] INFO  i.g.bonigarcia.wdm.WebDriverManager - Exporting webdriver.chrome.driver as C:\Users\Eshant\.cache\selenium\chromedriver\win64\117.0.5938.92\chromedriver.exe
18:44:17.013 [main] INFO  test.java.tests.GoogleSearchTest - Opened the url: https://www.google.com/en
18:44:17.655 [main] INFO  test.java.tests.GoogleSearchTest - Searching a phrase: Best mobile phones 2021
18:44:19.187 [main] INFO  test.java.tests.GoogleSearchTest - Verified that the search results appeared for the searched phrase
18:44:20.254 [main] INFO  test.java.tests.GoogleSearchTest - Clicked on the first Ad-Free link
18:44:20.268 [main] INFO  test.java.tests.GoogleSearchTest - Verified that the correct URL opened for the searched phrase 
18:44:20.281 [main] INFO  test.java.tests.GoogleSearchTest - The searched phrase Best mobile phones 2021 was found in the webpage opened
19:36:12.868 [main] INFO  i.g.bonigarcia.wdm.WebDriverManager - Using chromedriver 117.0.5938.92 (resolved driver for Chrome 117)
19:36:12.898 [main] INFO  i.g.bonigarcia.wdm.WebDriverManager - Exporting webdriver.chrome.driver as C:\Users\Eshant\.cache\selenium\chromedriver\win64\117.0.5938.92\chromedriver.exe
19:36:16.638 [main] INFO  test.java.tests.GoogleSearchTest - Opened the url: https://www.google.com/en
19:36:17.124 [main] INFO  test.java.tests.GoogleSearchTest - Searching a phrase: Best mobile phones 2021
19:36:18.475 [main] INFO  test.java.tests.GoogleSearchTest - Verified that the search results appeared for the searched phrase
19:36:19.935 [main] INFO  test.java.tests.GoogleSearchTest - Clicked on the first Ad-Free link
19:36:19.950 [main] INFO  test.java.tests.GoogleSearchTest - Verified that the correct URL opened for the searched phrase 
19:36:19.965 [main] INFO  test.java.tests.GoogleSearchTest - The searched phrase Best mobile phones 2021 was found in the webpage opened
19:36:19.990 [AsyncHttpClient-1-4] WARN  o.a.netty.handler.WebSocketHandler - onError
java.net.SocketException: Connection reset
	at java.base/sun.nio.ch.SocketChannelImpl.throwConnectionReset(SocketChannelImpl.java:394)
	at java.base/sun.nio.ch.SocketChannelImpl.read(SocketChannelImpl.java:426)
	at io.netty.buffer.PooledByteBuf.setBytes(PooledByteBuf.java:254)
	at io.netty.buffer.AbstractByteBuf.writeBytes(AbstractByteBuf.java:1132)
	at io.netty.channel.socket.nio.NioSocketChannel.doReadBytes(NioSocketChannel.java:357)
	at io.netty.channel.nio.AbstractNioByteChannel$NioByteUnsafe.read(AbstractNioByteChannel.java:151)
	at io.netty.channel.nio.NioEventLoop.processSelectedKey(NioEventLoop.java:788)
	at io.netty.channel.nio.NioEventLoop.processSelectedKeysOptimized(NioEventLoop.java:724)
	at io.netty.channel.nio.NioEventLoop.processSelectedKeys(NioEventLoop.java:650)
	at io.netty.channel.nio.NioEventLoop.run(NioEventLoop.java:562)
	at io.netty.util.concurrent.SingleThreadEventExecutor$4.run(SingleThreadEventExecutor.java:997)
	at io.netty.util.internal.ThreadExecutorMap$2.run(ThreadExecutorMap.java:74)
	at io.netty.util.concurrent.FastThreadLocalRunnable.run(FastThreadLocalRunnable.java:30)
	at java.base/java.lang.Thread.run(Thread.java:833)
